info: Server started at http://localhost:5000/api/v1/ {"timestamp":"2024-11-19T05:26:48.300Z"}
info: Connected to the database. {"timestamp":"2024-11-19T05:26:48.334Z"}
info: Server started at http://localhost:5000/api/v1/ {"timestamp":"2024-11-19T05:33:35.037Z"}
info: Connected to the database. {"timestamp":"2024-11-19T05:33:35.062Z"}
info: Server started at http://localhost:5000/api/v1/ {"timestamp":"2024-11-19T05:47:29.051Z"}
info: Connected to the database. {"timestamp":"2024-11-19T05:47:29.073Z"}
info: Server started at http://localhost:5000/api/v1/ {"timestamp":"2024-11-19T05:47:45.846Z"}
info: Connected to the database. {"timestamp":"2024-11-19T05:47:45.869Z"}
info: Server started at http://localhost:5000/api/v1/ {"timestamp":"2024-11-19T06:13:18.098Z"}
info: Connected to the database. {"timestamp":"2024-11-19T06:13:18.134Z"}
info: Server started at http://localhost:5000/api/v1/ {"timestamp":"2024-11-19T06:14:52.876Z"}
info: Connected to the database. {"timestamp":"2024-11-19T06:14:52.927Z"}
info: Server started at http://localhost:5000/api/v1/ {"timestamp":"2024-11-19T06:15:07.538Z"}
info: Connected to the database. {"timestamp":"2024-11-19T06:15:07.590Z"}
info: Server started at http://localhost:5000/api/v1/ {"timestamp":"2024-11-19T06:15:18.218Z"}
info: Connected to the database. {"timestamp":"2024-11-19T06:15:18.252Z"}
info: Server started at http://localhost:5000/api/v1/ {"timestamp":"2024-11-19T06:22:19.858Z"}
info: Connected to the database. {"timestamp":"2024-11-19T06:22:19.884Z"}
info: Server started at http://localhost:5000/api/v1/ {"timestamp":"2024-11-19T06:22:29.226Z"}
info: Connected to the database. {"timestamp":"2024-11-19T06:22:29.279Z"}
info: Server started at http://localhost:5000/api/v1/ {"timestamp":"2024-11-19T06:27:10.236Z"}
info: Connected to the database. {"timestamp":"2024-11-19T06:27:10.283Z"}
info: Server started at http://localhost:5000/api/v1/ {"timestamp":"2024-11-19T06:27:18.784Z"}
info: Connected to the database. {"timestamp":"2024-11-19T06:27:18.830Z"}
info: Server started at http://localhost:5000/api/v1/ {"timestamp":"2024-11-19T06:29:13.135Z"}
info: Connected to the database. {"timestamp":"2024-11-19T06:29:13.166Z"}
info: Server started at http://localhost:5000/api/v1/ {"timestamp":"2024-11-19T06:32:36.463Z"}
info: Connected to the database. {"timestamp":"2024-11-19T06:32:36.514Z"}
info: Server started at http://localhost:5000/api/v1/ {"timestamp":"2024-11-19T06:32:45.545Z"}
info: Connected to the database. {"timestamp":"2024-11-19T06:32:45.578Z"}
info: Server started at http://localhost:5000/api/v1/ {"timestamp":"2024-11-19T06:33:43.319Z"}
info: Connected to the database. {"timestamp":"2024-11-19T06:33:43.390Z"}
info: Server started at http://localhost:5000/api/v1/ {"timestamp":"2024-11-19T06:34:31.078Z"}
info: Connected to the database. {"timestamp":"2024-11-19T06:34:31.115Z"}
info: Server started at http://localhost:5000/api/v1/ {"timestamp":"2024-11-19T06:48:56.011Z"}
info: Connected to the database. {"timestamp":"2024-11-19T06:48:56.049Z"}
info: Server started at http://localhost:5000/api/v1/ {"timestamp":"2024-11-19T06:50:50.131Z"}
info: Connected to the database. {"timestamp":"2024-11-19T06:50:50.157Z"}
info: Server started at http://localhost:5000/api/v1/ {"timestamp":"2024-11-19T06:50:53.192Z"}
info: Connected to the database. {"timestamp":"2024-11-19T06:50:53.220Z"}
info: Server started at http://localhost:5000/api/v1/ {"timestamp":"2024-11-19T06:51:02.442Z"}
info: Connected to the database. {"timestamp":"2024-11-19T06:51:02.487Z"}
info: Server started at http://localhost:5000/api/v1/ {"timestamp":"2024-11-19T06:56:21.909Z"}
info: Connected to the database. {"timestamp":"2024-11-19T06:56:21.943Z"}
info: Server started at http://localhost:5000/api/v1/ {"timestamp":"2024-11-19T06:56:31.185Z"}
info: Connected to the database. {"timestamp":"2024-11-19T06:56:31.234Z"}
error: 
    status - 500 
    message - ReferenceError: proxcess is not defined
    at _callee$ (D:\BackendWorkspace\BookstoreBackend\src\middlewares\/auth.middleware.js:24:42)
    at tryCatch (D:\BackendWorkspace\BookstoreBackend\node_modules\@babel\runtime\helpers\regeneratorRuntime.js:45:16)
    at Generator.<anonymous> (D:\BackendWorkspace\BookstoreBackend\node_modules\@babel\runtime\helpers\regeneratorRuntime.js:133:17)
    at Generator.next (D:\BackendWorkspace\BookstoreBackend\node_modules\@babel\runtime\helpers\regeneratorRuntime.js:74:21)
    at asyncGeneratorStep (D:\BackendWorkspace\BookstoreBackend\node_modules\@babel\runtime\helpers\asyncToGenerator.js:3:17)
    at _next (D:\BackendWorkspace\BookstoreBackend\node_modules\@babel\runtime\helpers\asyncToGenerator.js:17:9)
    at D:\BackendWorkspace\BookstoreBackend\node_modules\@babel\runtime\helpers\asyncToGenerator.js:22:7
    at new Promise (<anonymous>)
    at apply (D:\BackendWorkspace\BookstoreBackend\node_modules\@babel\runtime\helpers\asyncToGenerator.js:14:12)
    at userAuth (D:\BackendWorkspace\BookstoreBackend\src\middlewares\/auth.middleware.js:15:22)
    at Layer.handle [as handle_request] (D:\BackendWorkspace\BookstoreBackend\node_modules\express\lib\router\layer.js:95:5)
    at next (D:\BackendWorkspace\BookstoreBackend\node_modules\express\lib\router\route.js:149:13)
    at Route.dispatch (D:\BackendWorkspace\BookstoreBackend\node_modules\express\lib\router\route.js:119:3)
    at Layer.handle [as handle_request] (D:\BackendWorkspace\BookstoreBackend\node_modules\express\lib\router\layer.js:95:5)
    at D:\BackendWorkspace\BookstoreBackend\node_modules\express\lib\router\index.js:284:15
    at Function.process_params (D:\BackendWorkspace\BookstoreBackend\node_modules\express\lib\router\index.js:346:12)
    at next (D:\BackendWorkspace\BookstoreBackend\node_modules\express\lib\router\index.js:280:10)
    at Function.handle (D:\BackendWorkspace\BookstoreBackend\node_modules\express\lib\router\index.js:175:3)
    at router (D:\BackendWorkspace\BookstoreBackend\node_modules\express\lib\router\index.js:47:12)
    at Layer.handle [as handle_request] (D:\BackendWorkspace\BookstoreBackend\node_modules\express\lib\router\layer.js:95:5)
    at trim_prefix (D:\BackendWorkspace\BookstoreBackend\node_modules\express\lib\router\index.js:328:13)
    at D:\BackendWorkspace\BookstoreBackend\node_modules\express\lib\router\index.js:286:9
    at Function.process_params (D:\BackendWorkspace\BookstoreBackend\node_modules\express\lib\router\index.js:346:12)
    at next (D:\BackendWorkspace\BookstoreBackend\node_modules\express\lib\router\index.js:280:10)
    at D:\BackendWorkspace\BookstoreBackend\node_modules\express\lib\router\index.js:646:15
    at next (D:\BackendWorkspace\BookstoreBackend\node_modules\express\lib\router\index.js:265:14)
    at Function.handle (D:\BackendWorkspace\BookstoreBackend\node_modules\express\lib\router\index.js:175:3)
    at router (D:\BackendWorkspace\BookstoreBackend\node_modules\express\lib\router\index.js:47:12)
    at Layer.handle [as handle_request] (D:\BackendWorkspace\BookstoreBackend\node_modules\express\lib\router\layer.js:95:5)
    at trim_prefix (D:\BackendWorkspace\BookstoreBackend\node_modules\express\lib\router\index.js:328:13)
    at D:\BackendWorkspace\BookstoreBackend\node_modules\express\lib\router\index.js:286:9
    at Function.process_params (D:\BackendWorkspace\BookstoreBackend\node_modules\express\lib\router\index.js:346:12)
    at next (D:\BackendWorkspace\BookstoreBackend\node_modules\express\lib\router\index.js:280:10)
    at logger (D:\BackendWorkspace\BookstoreBackend\node_modules\morgan\index.js:144:5)
    at Layer.handle [as handle_request] (D:\BackendWorkspace\BookstoreBackend\node_modules\express\lib\router\layer.js:95:5)
    at trim_prefix (D:\BackendWorkspace\BookstoreBackend\node_modules\express\lib\router\index.js:328:13)
    at D:\BackendWorkspace\BookstoreBackend\node_modules\express\lib\router\index.js:286:9
    at Function.process_params (D:\BackendWorkspace\BookstoreBackend\node_modules\express\lib\router\index.js:346:12)
    at next (D:\BackendWorkspace\BookstoreBackend\node_modules\express\lib\router\index.js:280:10)
    at jsonParser (D:\BackendWorkspace\BookstoreBackend\node_modules\body-parser\lib\types\json.js:122:7)
    at Layer.handle [as handle_request] (D:\BackendWorkspace\BookstoreBackend\node_modules\express\lib\router\layer.js:95:5)
    at trim_prefix (D:\BackendWorkspace\BookstoreBackend\node_modules\express\lib\router\index.js:328:13)
    at D:\BackendWorkspace\BookstoreBackend\node_modules\express\lib\router\index.js:286:9
    at Function.process_params (D:\BackendWorkspace\BookstoreBackend\node_modules\express\lib\router\index.js:346:12)
    at next (D:\BackendWorkspace\BookstoreBackend\node_modules\express\lib\router\index.js:280:10)
    at urlencodedParser (D:\BackendWorkspace\BookstoreBackend\node_modules\body-parser\lib\types\urlencoded.js:103:7)
    at Layer.handle [as handle_request] (D:\BackendWorkspace\BookstoreBackend\node_modules\express\lib\router\layer.js:95:5)
    at trim_prefix (D:\BackendWorkspace\BookstoreBackend\node_modules\express\lib\router\index.js:328:13)
    at D:\BackendWorkspace\BookstoreBackend\node_modules\express\lib\router\index.js:286:9
    at Function.process_params (D:\BackendWorkspace\BookstoreBackend\node_modules\express\lib\router\index.js:346:12)
    at next (D:\BackendWorkspace\BookstoreBackend\node_modules\express\lib\router\index.js:280:10)
    at internalNext (D:\BackendWorkspace\BookstoreBackend\node_modules\helmet\dist\index.js:142:6)
    at xXssProtectionMiddleware (D:\BackendWorkspace\BookstoreBackend\node_modules\helmet\dist\middlewares\x-xss-protection\index.js:6:3)
    at internalNext (D:\BackendWorkspace\BookstoreBackend\node_modules\helmet\dist\index.js:145:6)
    at referrerPolicyMiddleware (D:\BackendWorkspace\BookstoreBackend\node_modules\helmet\dist\middlewares\referrer-policy\index.js:24:3)
    at internalNext (D:\BackendWorkspace\BookstoreBackend\node_modules\helmet\dist\index.js:145:6) 
    url - /api/v1/protected/ 
    method - POST 
    IP - ::1
   {"timestamp":"2024-11-19T06:56:54.924Z"}
info: Server started at http://localhost:5000/api/v1/ {"timestamp":"2024-11-19T07:02:29.569Z"}
info: Connected to the database. {"timestamp":"2024-11-19T07:02:29.592Z"}
info: Server started at http://localhost:5000/api/v1/ {"timestamp":"2024-11-19T07:11:30.445Z"}
info: Connected to the database. {"timestamp":"2024-11-19T07:11:30.468Z"}
info: Server started at http://localhost:5000/api/v1/ {"timestamp":"2024-11-19T07:11:47.095Z"}
info: Connected to the database. {"timestamp":"2024-11-19T07:11:47.117Z"}
info: Server started at http://localhost:5000/api/v1/ {"timestamp":"2024-11-19T07:11:58.295Z"}
info: Connected to the database. {"timestamp":"2024-11-19T07:11:58.319Z"}
info: Server started at http://localhost:5000/api/v1/ {"timestamp":"2024-11-19T07:12:41.712Z"}
info: Connected to the database. {"timestamp":"2024-11-19T07:12:41.740Z"}
info: Server started at http://localhost:5000/api/v1/ {"timestamp":"2024-11-19T07:13:04.027Z"}
info: Connected to the database. {"timestamp":"2024-11-19T07:13:04.048Z"}
info: Server started at http://localhost:5000/api/v1/ {"timestamp":"2024-11-19T07:13:07.873Z"}
info: Connected to the database. {"timestamp":"2024-11-19T07:13:07.894Z"}
info: Server started at http://localhost:5000/api/v1/ {"timestamp":"2024-11-19T07:13:24.866Z"}
info: Connected to the database. {"timestamp":"2024-11-19T07:13:24.888Z"}
info: Server started at http://localhost:5000/api/v1/ {"timestamp":"2024-11-19T07:13:30.127Z"}
info: Connected to the database. {"timestamp":"2024-11-19T07:13:30.149Z"}
info: Server started at http://localhost:5000/api/v1/ {"timestamp":"2024-11-19T07:13:36.699Z"}
info: Connected to the database. {"timestamp":"2024-11-19T07:13:36.726Z"}
info: Server started at http://localhost:5000/api/v1/ {"timestamp":"2024-11-19T07:14:27.155Z"}
info: Connected to the database. {"timestamp":"2024-11-19T07:14:27.190Z"}
info: Server started at http://localhost:5000/api/v1/ {"timestamp":"2024-11-19T07:14:42.013Z"}
info: Connected to the database. {"timestamp":"2024-11-19T07:14:42.035Z"}
info: Server started at http://localhost:5000/api/v1/ {"timestamp":"2024-11-19T07:16:47.525Z"}
info: Connected to the database. {"timestamp":"2024-11-19T07:16:47.566Z"}
info: Server started at http://localhost:5000/api/v1/ {"timestamp":"2024-11-19T07:17:05.176Z"}
info: Connected to the database. {"timestamp":"2024-11-19T07:17:05.197Z"}
info: Server started at http://localhost:5000/api/v1/ {"timestamp":"2024-11-19T07:17:24.282Z"}
info: Connected to the database. {"timestamp":"2024-11-19T07:17:24.309Z"}
info: Server started at http://localhost:5000/api/v1/ {"timestamp":"2024-11-19T07:17:26.977Z"}
info: Connected to the database. {"timestamp":"2024-11-19T07:17:27.004Z"}
info: Server started at http://localhost:5000/api/v1/ {"timestamp":"2024-11-19T07:18:17.067Z"}
info: Connected to the database. {"timestamp":"2024-11-19T07:18:17.095Z"}
info: Server started at http://localhost:5000/api/v1/ {"timestamp":"2024-11-19T07:18:20.141Z"}
info: Connected to the database. {"timestamp":"2024-11-19T07:18:20.170Z"}
info: Server started at http://localhost:5000/api/v1/ {"timestamp":"2024-11-19T07:18:44.077Z"}
info: Connected to the database. {"timestamp":"2024-11-19T07:18:44.112Z"}
info: Server started at http://localhost:5000/api/v1/ {"timestamp":"2024-11-19T07:19:18.492Z"}
info: Connected to the database. {"timestamp":"2024-11-19T07:19:18.522Z"}
info: Server started at http://localhost:5000/api/v1/ {"timestamp":"2024-11-19T07:24:26.264Z"}
info: Connected to the database. {"timestamp":"2024-11-19T07:24:26.292Z"}
info: Server started at http://localhost:5000/api/v1/ {"timestamp":"2024-11-19T07:26:11.287Z"}
info: Connected to the database. {"timestamp":"2024-11-19T07:26:11.314Z"}
info: Server started at http://localhost:5000/api/v1/ {"timestamp":"2024-11-19T07:26:15.376Z"}
info: Connected to the database. {"timestamp":"2024-11-19T07:26:15.400Z"}
info: Server started at http://localhost:5000/api/v1/ {"timestamp":"2024-11-19T07:30:57.301Z"}
info: Connected to the database. {"timestamp":"2024-11-19T07:30:57.323Z"}
info: Server started at http://localhost:5000/api/v1/ {"timestamp":"2024-11-19T07:31:00.992Z"}
info: Connected to the database. {"timestamp":"2024-11-19T07:31:01.015Z"}
info: Server started at http://localhost:5000/api/v1/ {"timestamp":"2024-11-19T07:31:07.523Z"}
info: Connected to the database. {"timestamp":"2024-11-19T07:31:07.548Z"}
info: Server started at http://localhost:5000/api/v1/ {"timestamp":"2024-11-19T07:31:10.744Z"}
info: Connected to the database. {"timestamp":"2024-11-19T07:31:10.793Z"}
info: Server started at http://localhost:5000/api/v1/ {"timestamp":"2024-11-19T07:31:24.828Z"}
info: Connected to the database. {"timestamp":"2024-11-19T07:31:24.853Z"}
info: Server started at http://localhost:5000/api/v1/ {"timestamp":"2024-11-19T07:31:29.017Z"}
info: Connected to the database. {"timestamp":"2024-11-19T07:31:29.041Z"}
info: Server started at http://localhost:5000/api/v1/ {"timestamp":"2024-11-19T07:31:33.798Z"}
info: Connected to the database. {"timestamp":"2024-11-19T07:31:33.820Z"}
info: Server started at http://localhost:5000/api/v1/ {"timestamp":"2024-11-19T07:31:48.678Z"}
info: Connected to the database. {"timestamp":"2024-11-19T07:31:48.701Z"}
info: Server started at http://localhost:5000/api/v1/ {"timestamp":"2024-11-19T07:31:55.297Z"}
info: Connected to the database. {"timestamp":"2024-11-19T07:31:55.324Z"}
info: Server started at http://localhost:5000/api/v1/ {"timestamp":"2024-11-19T07:31:59.220Z"}
info: Connected to the database. {"timestamp":"2024-11-19T07:31:59.252Z"}
info: Server started at http://localhost:5000/api/v1/ {"timestamp":"2024-11-19T07:32:11.545Z"}
info: Connected to the database. {"timestamp":"2024-11-19T07:32:11.567Z"}
info: Server started at http://localhost:5000/api/v1/ {"timestamp":"2024-11-19T07:32:36.408Z"}
info: Connected to the database. {"timestamp":"2024-11-19T07:32:36.431Z"}
info: Server started at http://localhost:5000/api/v1/ {"timestamp":"2024-11-19T07:33:46.717Z"}
info: Connected to the database. {"timestamp":"2024-11-19T07:33:46.742Z"}
info: Server started at http://localhost:5000/api/v1/ {"timestamp":"2024-11-19T07:35:18.062Z"}
info: Connected to the database. {"timestamp":"2024-11-19T07:35:18.095Z"}
info: Server started at http://localhost:5000/api/v1/ {"timestamp":"2024-11-19T07:35:21.033Z"}
info: Connected to the database. {"timestamp":"2024-11-19T07:35:21.059Z"}
info: Server started at http://localhost:5000/api/v1/ {"timestamp":"2024-11-19T07:35:24.787Z"}
info: Connected to the database. {"timestamp":"2024-11-19T07:35:24.813Z"}
info: Server started at http://localhost:5000/api/v1/ {"timestamp":"2024-11-19T07:35:30.345Z"}
info: Connected to the database. {"timestamp":"2024-11-19T07:35:30.385Z"}
info: Server started at http://localhost:5000/api/v1/ {"timestamp":"2024-11-19T07:35:58.958Z"}
info: Connected to the database. {"timestamp":"2024-11-19T07:35:58.993Z"}
info: Server started at http://localhost:5000/api/v1/ {"timestamp":"2024-11-19T07:36:13.789Z"}
info: Connected to the database. {"timestamp":"2024-11-19T07:36:13.815Z"}
info: Server started at http://localhost:5000/api/v1/ {"timestamp":"2024-11-19T07:36:25.930Z"}
info: Connected to the database. {"timestamp":"2024-11-19T07:36:25.952Z"}
info: Server started at http://localhost:5000/api/v1/ {"timestamp":"2024-11-19T07:36:29.604Z"}
info: Connected to the database. {"timestamp":"2024-11-19T07:36:29.634Z"}
info: Server started at http://localhost:5000/api/v1/ {"timestamp":"2024-11-19T07:36:33.852Z"}
info: Connected to the database. {"timestamp":"2024-11-19T07:36:33.878Z"}
info: Server started at http://localhost:5000/api/v1/ {"timestamp":"2024-11-19T07:36:48.481Z"}
info: Connected to the database. {"timestamp":"2024-11-19T07:36:48.505Z"}
info: Server started at http://localhost:5000/api/v1/ {"timestamp":"2024-11-19T08:20:21.638Z"}
info: Connected to the database. {"timestamp":"2024-11-19T08:20:21.658Z"}
info: Server started at http://localhost:5000/api/v1/ {"timestamp":"2024-11-19T08:29:54.078Z"}
info: Connected to the database. {"timestamp":"2024-11-19T08:29:54.158Z"}
info: Server started at http://localhost:5000/api/v1/ {"timestamp":"2024-11-19T08:29:59.185Z"}
info: Connected to the database. {"timestamp":"2024-11-19T08:29:59.226Z"}
info: Server started at http://localhost:5000/api/v1/ {"timestamp":"2024-11-19T08:30:03.408Z"}
info: Connected to the database. {"timestamp":"2024-11-19T08:30:03.436Z"}
info: Server started at http://localhost:5000/api/v1/ {"timestamp":"2024-11-19T08:30:13.188Z"}
info: Connected to the database. {"timestamp":"2024-11-19T08:30:13.223Z"}
info: Server started at http://localhost:5000/api/v1/ {"timestamp":"2024-11-19T08:30:18.311Z"}
info: Connected to the database. {"timestamp":"2024-11-19T08:30:18.346Z"}
info: Server started at http://localhost:5000/api/v1/ {"timestamp":"2024-11-19T08:30:44.047Z"}
info: Connected to the database. {"timestamp":"2024-11-19T08:30:44.081Z"}
info: Server started at http://localhost:5000/api/v1/ {"timestamp":"2024-11-19T08:43:45.103Z"}
info: Connected to the database. {"timestamp":"2024-11-19T08:43:45.143Z"}
error: 
    status - 500 
    message - undefined 
    url - /api/v1/protected 
    method - POST 
    IP - ::1
   {"timestamp":"2024-11-19T08:46:51.730Z"}
info: Server started at http://localhost:5000/api/v1/ {"timestamp":"2024-11-19T08:47:15.319Z"}
info: Connected to the database. {"timestamp":"2024-11-19T08:47:15.350Z"}
error: 
    status - 500 
    message - undefined 
    url - /api/v1/protected 
    method - POST 
    IP - ::1
   {"timestamp":"2024-11-19T08:47:18.873Z"}
error: 
    status - 500 
    message - undefined 
    url - /api/v1/protected 
    method - POST 
    IP - ::1
   {"timestamp":"2024-11-19T08:48:38.315Z"}
info: Server started at http://localhost:5000/api/v1/ {"timestamp":"2024-11-19T08:48:57.457Z"}
info: Connected to the database. {"timestamp":"2024-11-19T08:48:57.510Z"}
error: 
    status - 500 
    message - undefined 
    url - /api/v1/protected 
    method - POST 
    IP - ::1
   {"timestamp":"2024-11-19T08:48:59.458Z"}
info: Server started at http://localhost:5000/api/v1/ {"timestamp":"2024-11-19T08:49:48.800Z"}
info: Connected to the database. {"timestamp":"2024-11-19T08:49:48.842Z"}
info: Server started at http://localhost:5000/api/v1/ {"timestamp":"2024-11-19T08:50:30.147Z"}
info: Connected to the database. {"timestamp":"2024-11-19T08:50:30.183Z"}
error: 
    status - 500 
    message - RangeError: Invalid status code: Authentication Successfull
    at ServerResponse.writeHead (node:_http_server:352:11)
    at ServerResponse.writeHead (D:\BackendWorkspace\BookstoreBackend\node_modules\on-headers\index.js:44:26)
    at ServerResponse._implicitHeader (node:_http_server:338:8)
    at write_ (node:_http_outgoing:945:9)
    at ServerResponse.end (node:_http_outgoing:1056:5)
    at ServerResponse.send (D:\BackendWorkspace\BookstoreBackend\node_modules\express\lib\response.js:232:10)
    at ServerResponse.json (D:\BackendWorkspace\BookstoreBackend\node_modules\express\lib\response.js:278:15)
    at ServerResponse.send (D:\BackendWorkspace\BookstoreBackend\node_modules\express\lib\response.js:162:21)
    at D:\BackendWorkspace\BookstoreBackend\src\routes\/user.route.js:16:9
    at Layer.handle [as handle_request] (D:\BackendWorkspace\BookstoreBackend\node_modules\express\lib\router\layer.js:95:5)
    at next (D:\BackendWorkspace\BookstoreBackend\node_modules\express\lib\router\route.js:149:13)
    at D:\BackendWorkspace\BookstoreBackend\src\middlewares\/auth.middleware.js:26:5
    at D:\BackendWorkspace\BookstoreBackend\node_modules\jsonwebtoken\verify.js:223:12
    at getSecret (D:\BackendWorkspace\BookstoreBackend\node_modules\jsonwebtoken\verify.js:90:14)
    at Object.verify (D:\BackendWorkspace\BookstoreBackend\node_modules\jsonwebtoken\verify.js:94:10)
    at userAuth (D:\BackendWorkspace\BookstoreBackend\src\middlewares\/auth.middleware.js:21:7)
    at Layer.handle [as handle_request] (D:\BackendWorkspace\BookstoreBackend\node_modules\express\lib\router\layer.js:95:5)
    at next (D:\BackendWorkspace\BookstoreBackend\node_modules\express\lib\router\route.js:149:13)
    at Route.dispatch (D:\BackendWorkspace\BookstoreBackend\node_modules\express\lib\router\route.js:119:3)
    at Layer.handle [as handle_request] (D:\BackendWorkspace\BookstoreBackend\node_modules\express\lib\router\layer.js:95:5)
    at D:\BackendWorkspace\BookstoreBackend\node_modules\express\lib\router\index.js:284:15
    at Function.process_params (D:\BackendWorkspace\BookstoreBackend\node_modules\express\lib\router\index.js:346:12)
    at next (D:\BackendWorkspace\BookstoreBackend\node_modules\express\lib\router\index.js:280:10)
    at Function.handle (D:\BackendWorkspace\BookstoreBackend\node_modules\express\lib\router\index.js:175:3)
    at router (D:\BackendWorkspace\BookstoreBackend\node_modules\express\lib\router\index.js:47:12)
    at Layer.handle [as handle_request] (D:\BackendWorkspace\BookstoreBackend\node_modules\express\lib\router\layer.js:95:5)
    at trim_prefix (D:\BackendWorkspace\BookstoreBackend\node_modules\express\lib\router\index.js:328:13)
    at D:\BackendWorkspace\BookstoreBackend\node_modules\express\lib\router\index.js:286:9
    at Function.process_params (D:\BackendWorkspace\BookstoreBackend\node_modules\express\lib\router\index.js:346:12)
    at next (D:\BackendWorkspace\BookstoreBackend\node_modules\express\lib\router\index.js:280:10)
    at D:\BackendWorkspace\BookstoreBackend\node_modules\express\lib\router\index.js:646:15
    at next (D:\BackendWorkspace\BookstoreBackend\node_modules\express\lib\router\index.js:265:14)
    at Function.handle (D:\BackendWorkspace\BookstoreBackend\node_modules\express\lib\router\index.js:175:3)
    at router (D:\BackendWorkspace\BookstoreBackend\node_modules\express\lib\router\index.js:47:12)
    at Layer.handle [as handle_request] (D:\BackendWorkspace\BookstoreBackend\node_modules\express\lib\router\layer.js:95:5)
    at trim_prefix (D:\BackendWorkspace\BookstoreBackend\node_modules\express\lib\router\index.js:328:13)
    at D:\BackendWorkspace\BookstoreBackend\node_modules\express\lib\router\index.js:286:9
    at Function.process_params (D:\BackendWorkspace\BookstoreBackend\node_modules\express\lib\router\index.js:346:12)
    at next (D:\BackendWorkspace\BookstoreBackend\node_modules\express\lib\router\index.js:280:10)
    at logger (D:\BackendWorkspace\BookstoreBackend\node_modules\morgan\index.js:144:5)
    at Layer.handle [as handle_request] (D:\BackendWorkspace\BookstoreBackend\node_modules\express\lib\router\layer.js:95:5)
    at trim_prefix (D:\BackendWorkspace\BookstoreBackend\node_modules\express\lib\router\index.js:328:13)
    at D:\BackendWorkspace\BookstoreBackend\node_modules\express\lib\router\index.js:286:9
    at Function.process_params (D:\BackendWorkspace\BookstoreBackend\node_modules\express\lib\router\index.js:346:12)
    at next (D:\BackendWorkspace\BookstoreBackend\node_modules\express\lib\router\index.js:280:10)
    at D:\BackendWorkspace\BookstoreBackend\node_modules\body-parser\lib\read.js:137:5
    at AsyncResource.runInAsyncScope (node:async_hooks:206:9)
    at invokeCallback (D:\BackendWorkspace\BookstoreBackend\node_modules\raw-body\index.js:238:16)
    at done (D:\BackendWorkspace\BookstoreBackend\node_modules\raw-body\index.js:227:7)
    at IncomingMessage.onEnd (D:\BackendWorkspace\BookstoreBackend\node_modules\raw-body\index.js:287:7)
    at IncomingMessage.emit (node:events:519:28)
    at IncomingMessage.emit (node:domain:488:12)
    at endReadableNT (node:internal/streams/readable:1696:12)
    at processTicksAndRejections (node:internal/process/task_queues:82:21) 
    url - /api/v1/protected 
    method - POST 
    IP - ::1
   {"timestamp":"2024-11-19T08:50:32.381Z"}
info: Server started at http://localhost:5000/api/v1/ {"timestamp":"2024-11-19T08:51:26.225Z"}
info: Connected to the database. {"timestamp":"2024-11-19T08:51:26.257Z"}
info: Server started at http://localhost:5000/api/v1/ {"timestamp":"2024-11-19T08:52:36.806Z"}
info: Connected to the database. {"timestamp":"2024-11-19T08:52:36.838Z"}
info: Server started at http://localhost:5000/api/v1/ {"timestamp":"2024-11-19T08:52:46.836Z"}
info: Connected to the database. {"timestamp":"2024-11-19T08:52:46.878Z"}
info: Server started at http://localhost:5000/api/v1/ {"timestamp":"2024-11-19T08:57:23.404Z"}
info: Connected to the database. {"timestamp":"2024-11-19T08:57:23.447Z"}
info: Server started at http://localhost:5000/api/v1/ {"timestamp":"2024-11-19T09:16:41.379Z"}
info: Connected to the database. {"timestamp":"2024-11-19T09:16:41.444Z"}
info: Server started at http://localhost:5000/api/v1/ {"timestamp":"2024-11-19T09:18:08.220Z"}
info: Connected to the database. {"timestamp":"2024-11-19T09:18:08.269Z"}
info: Server started at http://localhost:5000/api/v1/ {"timestamp":"2024-11-19T11:00:02.131Z"}
info: Connected to the database. {"timestamp":"2024-11-19T11:00:02.165Z"}
info: Server started at http://localhost:5000/api/v1/ {"timestamp":"2024-11-19T11:03:17.881Z"}
info: Connected to the database. {"timestamp":"2024-11-19T11:03:17.909Z"}
info: Server started at http://localhost:5000/api/v1/ {"timestamp":"2024-11-19T11:23:18.529Z"}
info: Connected to the database. {"timestamp":"2024-11-19T11:23:18.573Z"}
